Configuring connection-0.2.7...
Building connection-0.2.7...
Preprocessing library connection-0.2.7...
[1 of 2] Compiling Network.Connection.Types ( Network\Connection\Types.hs, .stack-work\dist\2672c1f3\build\Network\Connection\Types.o )
[2 of 2] Compiling Network.Connection ( Network\Connection.hs, .stack-work\dist\2672c1f3\build\Network\Connection.o )

Network\Connection.hs:52:1: Warning:
    The import of `Control.Applicative' is redundant
      except perhaps to import instances from `Control.Applicative'
    To import instances alone, use: import Control.Applicative()

Network\Connection.hs:101:1: Warning:
    Defined but not used: `connectionSessionManager'

Network\Connection.hs:206:39: Warning:
    This binding for `serv' shadows the existing binding
      bound at Network\Connection.hs:205:17

Network\Connection.hs:205:24: Warning:
    Pattern match(es) are overlapped
    In a case alternative: _ -> ...
In-place registering connection-0.2.7...
Installing library in
C:\sr\snapshots\390fdce8\lib\x86_64-windows-ghc-7.10.3\connection-0.2.7-LLUv1iRlShvFsJB6nIy8On
Registering connection-0.2.7...
