Configuring monad-logger-0.3.20.1...
Building monad-logger-0.3.20.1...
Preprocessing library monad-logger-0.3.20.1...
[1 of 1] Compiling Control.Monad.Logger ( Control\Monad\Logger.hs, .stack-work\dist\2672c1f3\build\Control\Monad\Logger.o )

Control\Monad\Logger.hs:125:1: Warning:
    Module `Control.Monad.Trans.Error' is deprecated:
      Use Control.Monad.Trans.Except instead

Control\Monad\Logger.hs:234:26: Warning:
    In the use of type constructor or class `Error'
    (imported from Control.Monad.Trans.Error):
    Deprecated: "Use Control.Monad.Trans.Except instead"

Control\Monad\Logger.hs:234:51: Warning:
    In the use of type constructor or class `ErrorT'
    (imported from Control.Monad.Trans.Error):
    Deprecated: "Use Control.Monad.Trans.Except instead"

Control\Monad\Logger.hs:252:28: Warning:
    In the use of type constructor or class `Error'
    (imported from Control.Monad.Trans.Error):
    Deprecated: "Use Control.Monad.Trans.Except instead"

Control\Monad\Logger.hs:252:55: Warning:
    In the use of type constructor or class `ErrorT'
    (imported from Control.Monad.Trans.Error):
    Deprecated: "Use Control.Monad.Trans.Except instead"
In-place registering monad-logger-0.3.20.1...
Installing library in
C:\sr\snapshots\390fdce8\lib\x86_64-windows-ghc-7.10.3\monad-logger-0.3.20.1-KKCXc1dWBscLQQrpqKesQC
Registering monad-logger-0.3.20.1...
