Configuring yesodBlob-0.0.0...
Preprocessing library yesodBlob-0.0.0...
[1 of 9] Compiling Settings         ( Settings.hs, .stack-work\dist\2672c1f3\build\Settings.o )
[2 of 9] Compiling Settings.StaticFiles ( Settings\StaticFiles.hs, .stack-work\dist\2672c1f3\build\Settings\StaticFiles.o )
[3 of 9] Compiling Import.NoFoundation ( Import\NoFoundation.hs, .stack-work\dist\2672c1f3\build\Import\NoFoundation.o )
[4 of 9] Compiling Foundation       ( Foundation.hs, .stack-work\dist\2672c1f3\build\Foundation.o )
[5 of 9] Compiling Import           ( Import.hs, .stack-work\dist\2672c1f3\build\Import.o )
[6 of 9] Compiling Handler.Common   ( Handler\Common.hs, .stack-work\dist\2672c1f3\build\Handler\Common.o )
[7 of 9] Compiling Handler.Home     ( Handler\Home.hs, .stack-work\dist\2672c1f3\build\Handler\Home.o )
[8 of 9] Compiling Handler.Comment  ( Handler\Comment.hs, .stack-work\dist\2672c1f3\build\Handler\Comment.o )
[9 of 9] Compiling Application      ( Application.hs, .stack-work\dist\2672c1f3\build\Application.o )
In-place registering yesodBlob-0.0.0...
Preprocessing executable 'yesodBlob' for yesodBlob-0.0.0...
[1 of 1] Compiling Main             ( app\main.hs, .stack-work\dist\2672c1f3\build\yesodBlob\yesodBlob-tmp\Main.o )
Linking .stack-work\dist\2672c1f3\build\yesodBlob\yesodBlob.exe ...
Installing library in
C:\Users\happy\Documents\5thYear\NetworkApplications\codeblobs\.stack-work\install\18bd06a5\lib\x86_64-windows-ghc-7.10.3\yesodBlob-0.0.0-5yJRpuuKuFk5WIRnHKBOui
Installing executable(s) in
C:\Users\happy\Documents\5thYear\NetworkApplications\codeblobs\.stack-work\install\18bd06a5\bin
Registering yesodBlob-0.0.0...
